This file contains any messages produced by compilers while
running configure, to aid debugging if configure makes a mistake.

It was created by vine configure 1.0, which was
generated by GNU Autoconf 2.63.  Invocation command line was

  $ ./configure 

## --------- ##
## Platform. ##
## --------- ##

hostname = hhui-Rev-1-0
uname -m = x86_64
uname -r = 2.6.35-32-generic
uname -s = Linux
uname -v = #68~lucid1-Ubuntu SMP Wed Mar 28 17:12:29 UTC 2012

/usr/bin/uname -p = unknown
/bin/uname -X     = unknown

/bin/arch              = unknown
/usr/bin/arch -k       = unknown
/usr/convex/getsysinfo = unknown
/usr/bin/hostinfo      = unknown
/bin/machine           = unknown
/usr/bin/oslevel       = unknown
/bin/universe          = unknown

PATH: /usr/local/sbin
PATH: /usr/local/bin
PATH: /usr/sbin
PATH: /usr/bin
PATH: /sbin
PATH: /bin
PATH: /usr/X11R6/bin


## ----------- ##
## Core tests. ##
## ----------- ##

configure:1912: checking for a BSD-compatible install
configure:1980: result: /usr/bin/install -c
configure:1991: checking whether build environment is sane
configure:2034: result: yes
configure:2059: checking for a thread-safe mkdir -p
configure:2098: result: /bin/mkdir -p
configure:2111: checking for gawk
configure:2141: result: no
configure:2111: checking for mawk
configure:2127: found /usr/bin/mawk
configure:2138: result: mawk
configure:2149: checking whether make sets $(MAKE)
configure:2171: result: yes
configure:2551: checking for g++
configure:2567: found /usr/bin/g++
configure:2578: result: g++
configure:2605: checking for C++ compiler version
configure:2613: g++ --version >&5
g++ (Ubuntu/Linaro 4.4.4-14ubuntu5.1) 4.4.5
Copyright (C) 2010 Free Software Foundation, Inc.
This is free software; see the source for copying conditions.  There is NO
warranty; not even for MERCHANTABILITY or FITNESS FOR A PARTICULAR PURPOSE.

configure:2617: $? = 0
configure:2624: g++ -v >&5
Using built-in specs.
Target: x86_64-linux-gnu
Configured with: ../src/configure -v --with-pkgversion='Ubuntu/Linaro 4.4.4-14ubuntu5.1' --with-bugurl=file:///usr/share/doc/gcc-4.4/README.Bugs --enable-languages=c,c++,fortran,objc,obj-c++ --prefix=/usr --program-suffix=-4.4 --enable-shared --enable-multiarch --enable-linker-build-id --with-system-zlib --libexecdir=/usr/lib --without-included-gettext --enable-threads=posix --with-gxx-include-dir=/usr/include/c++/4.4 --libdir=/usr/lib --enable-nls --with-sysroot=/ --enable-clocale=gnu --enable-libstdcxx-debug --enable-objc-gc --disable-werror --with-arch-32=i686 --with-tune=generic --enable-checking=release --build=x86_64-linux-gnu --host=x86_64-linux-gnu --target=x86_64-linux-gnu
Thread model: posix
gcc version 4.4.5 (Ubuntu/Linaro 4.4.4-14ubuntu5.1) 
configure:2628: $? = 0
configure:2635: g++ -V >&5
g++: '-V' option must have argument
configure:2639: $? = 1
configure:2662: checking for C++ compiler default output file name
configure:2684: g++    conftest.cpp  >&5
configure:2688: $? = 0
configure:2726: result: a.out
configure:2745: checking whether the C++ compiler works
configure:2755: ./a.out
configure:2759: $? = 0
configure:2778: result: yes
configure:2785: checking whether we are cross compiling
configure:2787: result: no
configure:2790: checking for suffix of executables
configure:2797: g++ -o conftest    conftest.cpp  >&5
configure:2801: $? = 0
configure:2827: result: 
configure:2833: checking for suffix of object files
configure:2859: g++ -c   conftest.cpp >&5
configure:2863: $? = 0
configure:2888: result: o
configure:2892: checking whether we are using the GNU C++ compiler
configure:2921: g++ -c   conftest.cpp >&5
configure:2928: $? = 0
configure:2945: result: yes
configure:2954: checking whether g++ accepts -g
configure:2984: g++ -c -g  conftest.cpp >&5
configure:2991: $? = 0
configure:3092: result: yes
configure:3126: checking for style of include used by make
configure:3154: result: GNU
configure:3179: checking dependency style of g++
configure:3270: result: gcc3
configure:3333: checking for gcc
configure:3349: found /usr/bin/gcc
configure:3360: result: gcc
configure:3592: checking for C compiler version
configure:3600: gcc --version >&5
gcc (Ubuntu/Linaro 4.4.4-14ubuntu5.1) 4.4.5
Copyright (C) 2010 Free Software Foundation, Inc.
This is free software; see the source for copying conditions.  There is NO
warranty; not even for MERCHANTABILITY or FITNESS FOR A PARTICULAR PURPOSE.

configure:3604: $? = 0
configure:3611: gcc -v >&5
Using built-in specs.
Target: x86_64-linux-gnu
Configured with: ../src/configure -v --with-pkgversion='Ubuntu/Linaro 4.4.4-14ubuntu5.1' --with-bugurl=file:///usr/share/doc/gcc-4.4/README.Bugs --enable-languages=c,c++,fortran,objc,obj-c++ --prefix=/usr --program-suffix=-4.4 --enable-shared --enable-multiarch --enable-linker-build-id --with-system-zlib --libexecdir=/usr/lib --without-included-gettext --enable-threads=posix --with-gxx-include-dir=/usr/include/c++/4.4 --libdir=/usr/lib --enable-nls --with-sysroot=/ --enable-clocale=gnu --enable-libstdcxx-debug --enable-objc-gc --disable-werror --with-arch-32=i686 --with-tune=generic --enable-checking=release --build=x86_64-linux-gnu --host=x86_64-linux-gnu --target=x86_64-linux-gnu
Thread model: posix
gcc version 4.4.5 (Ubuntu/Linaro 4.4.4-14ubuntu5.1) 
configure:3615: $? = 0
configure:3622: gcc -V >&5
gcc: '-V' option must have argument
configure:3626: $? = 1
configure:3629: checking whether we are using the GNU C compiler
configure:3658: gcc -c   conftest.c >&5
configure:3665: $? = 0
configure:3682: result: yes
configure:3691: checking whether gcc accepts -g
configure:3721: gcc -c -g  conftest.c >&5
configure:3728: $? = 0
configure:3829: result: yes
configure:3846: checking for gcc option to accept ISO C89
configure:3920: gcc  -c -g -O2  conftest.c >&5
configure:3927: $? = 0
configure:3950: result: none needed
configure:3970: checking dependency style of gcc
configure:4061: result: gcc3
configure:4076: checking whether make sets $(MAKE)
configure:4098: result: yes
configure:4150: checking for ranlib
configure:4166: found /usr/bin/ranlib
configure:4177: result: ranlib
configure:4221: checking for ocamlc
configure:4239: found /usr/bin/ocamlc
configure:4251: result: /usr/bin/ocamlc
configure:4267: checking for OCaml version
configure:4270: result: 3.11.2
configure:4310: checking for OCaml library path
configure:4313: result: /usr/lib/ocaml
configure:4321: checking for ocamlc.opt
configure:4354: result: no
configure:4360: WARNING: Cannot find ocamlc.opt
configure:4391: checking for ocamlopt
configure:4409: found /usr/bin/ocamlopt
configure:4421: result: /usr/bin/ocamlopt
configure:4437: checking for ocamlopt version
configure:4440: result: 3.11.2
configure:4455: checking if OCaml C compiler works
configure:4458: result: yes
configure:4476: checking for ocamlopt.opt
configure:4509: result: no
configure:4515: WARNING: Cannot find ocamlopt.opt
configure:4546: checking for ocamldep
configure:4564: found /usr/bin/ocamldep
configure:4576: result: /usr/bin/ocamldep
configure:4595: checking for ocamldep.opt
configure:4628: result: no
configure:4634: WARNING: Cannot find ocamldep.opt
configure:4647: checking for ocamlmktop
configure:4665: found /usr/bin/ocamlmktop
configure:4677: result: /usr/bin/ocamlmktop
configure:4695: checking for ocamlmklib
configure:4713: found /usr/bin/ocamlmklib
configure:4725: result: /usr/bin/ocamlmklib
configure:4743: checking for ocamldoc
configure:4761: found /usr/bin/ocamldoc
configure:4773: result: /usr/bin/ocamldoc
configure:4792: checking for ocamldoc.opt
configure:4825: result: no
configure:4831: WARNING: Cannot find ocamldoc.opt
configure:4844: checking for ocamllex
configure:4862: found /usr/bin/ocamllex
configure:4874: result: /usr/bin/ocamllex
configure:4893: checking for ocamllex.opt
configure:4926: result: no
configure:4932: WARNING: Cannot find ocamllex.opt
configure:4945: checking for ocamlyacc
configure:4963: found /usr/bin/ocamlyacc
configure:4975: result: /usr/bin/ocamlyacc
configure:4995: checking for ocamlfind
configure:5028: result: no
configure:5034: error: Cannot find ocamlfind

## ---------------- ##
## Cache variables. ##
## ---------------- ##

ac_cv_c_compiler_gnu=yes
ac_cv_cxx_compiler_gnu=yes
ac_cv_env_CCC_set=
ac_cv_env_CCC_value=
ac_cv_env_CC_set=
ac_cv_env_CC_value=
ac_cv_env_CFLAGS_set=
ac_cv_env_CFLAGS_value=
ac_cv_env_CPPFLAGS_set=
ac_cv_env_CPPFLAGS_value=
ac_cv_env_CPP_set=
ac_cv_env_CPP_value=
ac_cv_env_CXXFLAGS_set=
ac_cv_env_CXXFLAGS_value=
ac_cv_env_CXX_set=
ac_cv_env_CXX_value=
ac_cv_env_LDFLAGS_set=
ac_cv_env_LDFLAGS_value=
ac_cv_env_LIBS_set=
ac_cv_env_LIBS_value=
ac_cv_env_build_alias_set=
ac_cv_env_build_alias_value=
ac_cv_env_host_alias_set=
ac_cv_env_host_alias_value=
ac_cv_env_target_alias_set=
ac_cv_env_target_alias_value=
ac_cv_objext=o
ac_cv_path_OCAMLC=/usr/bin/ocamlc
ac_cv_path_OCAMLDEP=/usr/bin/ocamldep
ac_cv_path_OCAMLDOC=/usr/bin/ocamldoc
ac_cv_path_OCAMLLEX=/usr/bin/ocamllex
ac_cv_path_OCAMLMKLIB=/usr/bin/ocamlmklib
ac_cv_path_OCAMLMKTOP=/usr/bin/ocamlmktop
ac_cv_path_OCAMLOPT=/usr/bin/ocamlopt
ac_cv_path_OCAMLYACC=/usr/bin/ocamlyacc
ac_cv_path_install='/usr/bin/install -c'
ac_cv_path_mkdir=/bin/mkdir
ac_cv_prog_AWK=mawk
ac_cv_prog_ac_ct_CC=gcc
ac_cv_prog_ac_ct_CXX=g++
ac_cv_prog_ac_ct_RANLIB=ranlib
ac_cv_prog_cc_c89=
ac_cv_prog_cc_g=yes
ac_cv_prog_cxx_g=yes
ac_cv_prog_make_make_set=yes
am_cv_CC_dependencies_compiler_type=gcc3
am_cv_CXX_dependencies_compiler_type=gcc3

## ----------------- ##
## Output variables. ##
## ----------------- ##

ACLOCAL='${SHELL} /home/hhui/Experiments/BitBlaze/Total_Components/vine-1.0/missing --run aclocal-1.10'
AMDEPBACKSLASH='\'
AMDEP_FALSE='#'
AMDEP_TRUE=''
AMTAR='${SHELL} /home/hhui/Experiments/BitBlaze/Total_Components/vine-1.0/missing --run tar'
AUTOCONF='${SHELL} /home/hhui/Experiments/BitBlaze/Total_Components/vine-1.0/missing --run autoconf'
AUTOHEADER='${SHELL} /home/hhui/Experiments/BitBlaze/Total_Components/vine-1.0/missing --run autoheader'
AUTOMAKE='${SHELL} /home/hhui/Experiments/BitBlaze/Total_Components/vine-1.0/missing --run automake-1.10'
AWK='mawk'
CAMLIDL=''
CC='gcc'
CCDEPMODE='depmode=gcc3'
CFLAGS='-g -O2'
CPP=''
CPPFLAGS=''
CXX='g++'
CXXDEPMODE='depmode=gcc3'
CXXFLAGS='-g -O2'
CYGPATH_W='echo'
DEFS=''
DEPDIR='.deps'
ECHO_C=''
ECHO_N='-n'
ECHO_T=''
EGREP=''
EXEEXT=''
GREP=''
INSTALL_DATA='${INSTALL} -m 644'
INSTALL_PROGRAM='${INSTALL}'
INSTALL_SCRIPT='${INSTALL}'
INSTALL_STRIP_PROGRAM='$(install_sh) -c -s'
LDFLAGS=''
LIBOBJS=''
LIBS=''
LTLIBOBJS=''
MAKEINFO='${SHELL} /home/hhui/Experiments/BitBlaze/Total_Components/vine-1.0/missing --run makeinfo'
MKDIR_P='/bin/mkdir -p'
OBJEXT='o'
OCAMLC='/usr/bin/ocamlc'
OCAMLC_OPT=''
OCAMLDEP='/usr/bin/ocamldep'
OCAMLDEP_OPT=''
OCAMLDOC='/usr/bin/ocamldoc'
OCAMLDOC_OPT=''
OCAMLFIND=''
OCAMLLEX='/usr/bin/ocamllex'
OCAMLLEX_OPT=''
OCAMLMKLIB='/usr/bin/ocamlmklib'
OCAMLMKTOP='/usr/bin/ocamlmktop'
OCAMLOPT='/usr/bin/ocamlopt'
OCAMLOPT_OPT=''
OCAMLYACC='/usr/bin/ocamlyacc'
PACKAGE='vine'
PACKAGE_BUGREPORT='bitblaze-users@googlegroups.com'
PACKAGE_NAME='vine'
PACKAGE_STRING='vine 1.0'
PACKAGE_TARNAME='vine'
PACKAGE_VERSION='1.0'
PATH_SEPARATOR=':'
RANLIB='ranlib'
SET_MAKE=''
SHELL='/bin/bash'
STRIP=''
VERSION='1.0'
VEX_DIR=''
ac_ct_CC='gcc'
ac_ct_CXX='g++'
am__fastdepCC_FALSE='#'
am__fastdepCC_TRUE=''
am__fastdepCXX_FALSE='#'
am__fastdepCXX_TRUE=''
am__include='include'
am__isrc=''
am__leading_dot='.'
am__quote=''
am__tar='${AMTAR} chof - "$$tardir"'
am__untar='${AMTAR} xf -'
bindir='${exec_prefix}/bin'
build_alias=''
datadir='${datarootdir}'
datarootdir='${prefix}/share'
docdir='${datarootdir}/doc/${PACKAGE_TARNAME}'
dvidir='${docdir}'
exec_prefix='NONE'
host_alias=''
htmldir='${docdir}'
includedir='${prefix}/include'
infodir='${datarootdir}/info'
install_sh='$(SHELL) /home/hhui/Experiments/BitBlaze/Total_Components/vine-1.0/install-sh'
latex=''
libdir='${exec_prefix}/lib'
libexecdir='${exec_prefix}/libexec'
localedir='${datarootdir}/locale'
localstatedir='${prefix}/var'
mandir='${datarootdir}/man'
mkdir_p='/bin/mkdir -p'
oldincludedir='/usr/include'
pdfdir='${docdir}'
prefix='NONE'
program_transform_name='s,x,x,'
psdir='${docdir}'
sbindir='${exec_prefix}/sbin'
sharedstatedir='${prefix}/com'
sysconfdir='${prefix}/etc'
target_alias=''

## ----------- ##
## confdefs.h. ##
## ----------- ##

#define PACKAGE_NAME "vine"
#define PACKAGE_TARNAME "vine"
#define PACKAGE_VERSION "1.0"
#define PACKAGE_STRING "vine 1.0"
#define PACKAGE_BUGREPORT "bitblaze-users@googlegroups.com"
#define PACKAGE "vine"
#define VERSION "1.0"

configure: exit 1
